<?xml version="1.0" encoding="UTF-8"?>
<!-- Generated by org.testng.reporters.JUnitReportReporter -->
<testsuite hostname="DESKTOP-5JNDLAG" failures="0" tests="7" name="Runner.Runner" time="169.872" errors="0" timestamp="2024-09-24T17:48:18 IST" skipped="0">
  <testcase classname="Runner.Runner" name="runScenario" time="32.927"/>
  <system-out/>
  <testcase classname="Runner.Runner" name="runScenario" time="8.129"/>
  <system-out/>
  <testcase classname="Runner.Runner" name="runScenario" time="15.978"/>
  <system-out/>
  <testcase classname="Runner.Runner" name="runScenario" time="35.255"/>
  <system-out/>
  <testcase classname="Runner.Runner" name="runScenario" time="35.301"/>
  <system-out/>
  <testcase classname="Runner.Runner" name="runScenario" time="29.558"/>
  <system-out/>
  <testcase classname="Runner.Runner" name="runScenario" time="12.724"/>
  <system-out/>
</testsuite> <!-- Runner.Runner -->
