<?xml version="1.0" encoding="UTF-8"?>
<!-- Generated by org.testng.reporters.JUnitReportReporter -->
<testsuite hostname="DESKTOP-5JNDLAG" failures="0" tests="1" name="Runner.Runner" time="16.844" errors="0" timestamp="2024-12-29T01:08:54 IST" skipped="0">
  <testcase classname="Runner.Runner" name="runScenario" time="16.844"/>
  <system-out/>
</testsuite> <!-- Runner.Runner -->
