<?xml version="1.0" encoding="UTF-8"?>
<!-- Generated by org.testng.reporters.JUnitReportReporter -->
<testsuite hostname="DESKTOP-5JNDLAG" failures="0" tests="1" name="Runner.Runner" time="6.636" errors="0" timestamp="2024-09-17T18:06:22 IST" skipped="0">
  <testcase classname="Runner.Runner" name="runScenario" time="6.636"/>
  <system-out/>
</testsuite> <!-- Runner.Runner -->
