<?xml version="1.0" encoding="UTF-8"?>
<!-- Generated by org.testng.reporters.JUnitReportReporter -->
<testsuite hostname="DESKTOP-5JNDLAG" failures="4" tests="17" name="Runner.Runner" time="287.032" errors="0" timestamp="2024-11-13T17:01:10 IST" skipped="0">
  <testcase classname="Runner.Runner" name="runScenario" time="13.430"/>
  <system-out/>
  <testcase classname="Runner.Runner" name="runScenario" time="12.073"/>
  <system-out/>
  <testcase classname="Runner.Runner" name="runScenario" time="6.654"/>
  <system-out/>
  <testcase classname="Runner.Runner" name="runScenario" time="39.514"/>
  <system-out/>
  <testcase classname="Runner.Runner" name="runScenario" time="23.312"/>
  <system-out/>
  <testcase classname="Runner.Runner" name="runScenario" time="7.305"/>
  <system-out/>
  <testcase classname="Runner.Runner" name="runScenario" time="12.065"/>
  <system-out/>
  <testcase classname="Runner.Runner" name="runScenario" time="6.889">
    <failure message="expected:&lt;New User Signup![]&gt; but was:&lt;New User Signup![Access control systems]&gt;" type="org.junit.ComparisonFailure">
      <![CDATA[org.junit.ComparisonFailure: expected:<New User Signup![]> but was:<New User Signup![Access control systems]>
at org.junit.Assert.assertEquals(Assert.java:115)
at org.junit.Assert.assertEquals(Assert.java:144)
at pages.RegisterUser.verify_singuptext(RegisterUser.java:39)
at steps.RegisterUserSteps.Verify_New_User_Signup_is_visible(RegisterUserSteps.java:40)
at ✽.Verify New User Signup! is visible(classpath:features/RegisterUser.feature:9)
]]>
    </failure>
  </testcase> <!-- runScenario -->
  <system-out/>
  <testcase classname="Runner.Runner" name="runScenario" time="26.420"/>
  <system-out/>
  <testcase classname="Runner.Runner" name="runScenario" time="8.978">
    <failure message="expected:&lt;ALL PRODUCTS[]&gt; but was:&lt;ALL PRODUCTS[FORMAL WEAR]&gt;" type="org.junit.ComparisonFailure">
      <![CDATA[org.junit.ComparisonFailure: expected:<ALL PRODUCTS[]> but was:<ALL PRODUCTS[FORMAL WEAR]>
at org.junit.Assert.assertEquals(Assert.java:115)
at org.junit.Assert.assertEquals(Assert.java:144)
at Helpers.Predefined.assertions(Predefined.java:79)
at pages.ProductsPage.verify_all_products_text(ProductsPage.java:28)
at steps.ProductPageSteps.Verify_user_is_navigated_to_ALL_PRODUCTS_page_successfully(ProductPageSteps.java:13)
at ✽.Verify user is navigated to ALL PRODUCTS page successfully(classpath:features/SearchProduct.feature:9)
]]>
    </failure>
  </testcase> <!-- runScenario -->
  <system-out/>
  <testcase classname="Runner.Runner" name="runScenario" time="11.365"/>
  <system-out/>
  <testcase classname="Runner.Runner" name="runScenario" time="44.551"/>
  <system-out/>
  <testcase classname="Runner.Runner" name="runScenario" time="6.728">
    <failure message="expected:&lt;New User Signup![]&gt; but was:&lt;New User Signup![Identity management solutions]&gt;" type="org.junit.ComparisonFailure">
      <![CDATA[org.junit.ComparisonFailure: expected:<New User Signup![]> but was:<New User Signup![Identity management solutions]>
at org.junit.Assert.assertEquals(Assert.java:115)
at org.junit.Assert.assertEquals(Assert.java:144)
at pages.RegisterUser.verify_singuptext(RegisterUser.java:39)
at steps.RegisterUserSteps.Verify_New_User_Signup_is_visible(RegisterUserSteps.java:40)
at ✽.Verify New User Signup! is visible(classpath:features/RegisterUser.feature:30)
]]>
    </failure>
  </testcase> <!-- runScenario -->
  <system-out/>
  <testcase classname="Runner.Runner" name="runScenario" time="39.923"/>
  <system-out/>
  <testcase classname="Runner.Runner" name="runScenario" time="7.639"/>
  <system-out/>
  <testcase classname="Runner.Runner" name="runScenario" time="10.582"/>
  <system-out/>
  <testcase classname="Runner.Runner" name="runScenario" time="9.604">
    <failure message="expected:&lt;ALL PRODUCTS[]&gt; but was:&lt;ALL PRODUCTS[FLARE DRESSES]&gt;" type="org.junit.ComparisonFailure">
      <![CDATA[org.junit.ComparisonFailure: expected:<ALL PRODUCTS[]> but was:<ALL PRODUCTS[FLARE DRESSES]>
at org.junit.Assert.assertEquals(Assert.java:115)
at org.junit.Assert.assertEquals(Assert.java:144)
at Helpers.Predefined.assertions(Predefined.java:79)
at pages.ProductsPage.verify_all_products_text(ProductsPage.java:28)
at steps.ProductPageSteps.Verify_user_is_navigated_to_ALL_PRODUCTS_page_successfully(ProductPageSteps.java:13)
at ✽.Verify user is navigated to ALL PRODUCTS page successfully(classpath:features/VerifyAllProductsAndProductDetailPage.feature:9)
]]>
    </failure>
  </testcase> <!-- runScenario -->
  <system-out/>
</testsuite> <!-- Runner.Runner -->
