<?xml version="1.0" encoding="UTF-8"?>
<!-- Generated by org.testng.reporters.JUnitReportReporter -->
<testsuite hostname="DESKTOP-5JNDLAG" failures="0" tests="1" name="Runner.Runner" time="17.056" errors="0" timestamp="2024-12-29T00:52:51 IST" skipped="0">
  <testcase classname="Runner.Runner" name="runScenario" time="17.056"/>
  <system-out/>
</testsuite> <!-- Runner.Runner -->
