<?xml version="1.0" encoding="UTF-8"?>
<!-- Generated by org.testng.reporters.JUnitReportReporter -->
<testsuite hostname="DESKTOP-5JNDLAG" failures="0" tests="1" name="Runner.Runner" time="7.559" errors="0" timestamp="2024-10-15T18:10:04 IST" skipped="0">
  <testcase classname="Runner.Runner" name="runScenario" time="7.559"/>
  <system-out/>
</testsuite> <!-- Runner.Runner -->
