<?xml version="1.0" encoding="UTF-8"?>
<!-- Generated by org.testng.reporters.JUnitReportReporter -->
<testsuite hostname="DESKTOP-5JNDLAG" failures="0" tests="1" name="Runner.Runner" time="9.665" errors="0" timestamp="2024-12-27T16:29:39 IST" skipped="0">
  <testcase classname="Runner.Runner" name="runScenario" time="9.665"/>
  <system-out/>
</testsuite> <!-- Runner.Runner -->
