<?xml version="1.0" encoding="UTF-8"?>
<!-- Generated by org.testng.reporters.JUnitReportReporter -->
<testsuite hostname="DESKTOP-5JNDLAG" failures="0" tests="1" name="Runner.Runner" time="21.406" errors="0" timestamp="2024-09-23T13:24:29 IST" skipped="0">
  <testcase classname="Runner.Runner" name="runScenario" time="21.406"/>
  <system-out/>
</testsuite> <!-- Runner.Runner -->
